2023-09-24 11:45:04 - autobot - INFO - LogisticRegression(C=10.0, max_iter=400, solver='newton-cg')
2023-09-24 11:49:59 - autobot - INFO - LogisticRegression(C=10.0, max_iter=400, solver='newton-cg')
2023-09-24 11:50:19 - autobot - INFO - Binance exchange, the LogisticRegression(C=10.0, max_iter=400, solver='newton-cg') predicted:3
2023-09-24 11:50:19 - autobot - INFO - None
2023-09-24 11:50:29 - autobot - ERROR - binance {"code":-2019,"msg":"Margin is insufficient."}
2023-09-24 11:51:33 - autobot - INFO - Binance exchange, the LogisticRegression(C=10.0, max_iter=400, solver='newton-cg') predicted:3
2023-09-24 11:51:33 - autobot - INFO - None
2023-09-24 11:51:43 - autobot - ERROR - binance {"code":-2019,"msg":"Margin is insufficient."}
2023-09-24 16:05:09 - autobot - INFO - LinearRegression(n_jobs=-1)
2023-09-24 16:05:23 - autobot - INFO - Phemex exchange, the LinearRegression(n_jobs=-1) predicted:3480799.336464523
2023-09-24 16:05:23 - autobot - INFO - None
2023-09-24 16:05:27 - autobot - ERROR - phemex {"code":11056,"msg":"TE_QTY_TOO_LARGE","data":null}
2023-09-24 16:06:30 - autobot - INFO - Phemex exchange, the LinearRegression(n_jobs=-1) predicted:3479858.27050994
2023-09-24 16:06:30 - autobot - INFO - None
2023-09-24 16:06:34 - autobot - ERROR - phemex {"code":11056,"msg":"TE_QTY_TOO_LARGE","data":null}
2023-09-24 16:07:36 - autobot - INFO - Phemex exchange, the LinearRegression(n_jobs=-1) predicted:3479869.1774822418
2023-09-24 16:07:36 - autobot - INFO - None
2023-09-24 16:07:40 - autobot - ERROR - phemex {"code":11056,"msg":"TE_QTY_TOO_LARGE","data":null}
2023-09-24 16:16:36 - autobot - INFO - the amount of autobot:, 1.3953488372093024 and LogisticRegression(C=10.0, max_iter=400, solver='newton-cg'):
2023-09-24 16:17:46 - autobot - INFO - Phemex exchange, the LogisticRegression(C=10.0, max_iter=400, solver='newton-cg') predicted:3
2023-09-24 16:17:46 - autobot - INFO - None
2023-09-24 16:17:50 - autobot - ERROR - phemex {"code":11105,"msg":"TE_PLACE_ORDER_INSUFFICIENT_BASE_BALANCE","data":null}
2023-09-24 16:19:50 - autobot - INFO - the amount of autobot:, 50.0 and LogisticRegression(C=10.0, max_iter=400, solver='newton-cg'):
2023-09-24 16:20:09 - autobot - INFO - Phemex exchange, the LogisticRegression(C=10.0, max_iter=400, solver='newton-cg') predicted:3
2023-09-24 16:20:09 - autobot - INFO - None
2023-09-24 16:20:13 - autobot - ERROR - phemex {"code":11056,"msg":"TE_QTY_TOO_LARGE","data":null}
