2023-02-02 19:15:47,145 - Models - INFO - Sarting loading the models
2023-02-02 19:15:47,147 - Models - INFO - loading the Trade tab model
2023-02-02 19:15:47,147 - Models - INFO - loading the Exchange tab model
2023-02-02 19:15:47,162 - Models - INFO - loading the Bot tab model
2023-02-02 19:15:47,176 - Models - INFO - loading the Chart tab model
2023-02-02 19:16:27,907 - Models - INFO - Finished loading the models
2023-02-02 19:19:15,901 - Models - INFO - Starting loading the models
2023-02-02 19:19:15,902 - Models - INFO - loading the Trade tab model
2023-02-02 19:19:15,903 - Models - INFO - loading the Exchange tab model
2023-02-02 19:19:15,928 - Models - INFO - loading the Bot tab model
2023-02-02 19:19:15,929 - Models - INFO - loading the Chart tab model
2023-02-02 19:19:56,648 - Models - INFO - Finished loading the models
2023-02-02 19:21:09,497 - Models - INFO - Starting loading the models
2023-02-02 19:21:09,499 - Models - INFO - loading the Main view model
2023-02-02 19:21:09,499 - Models - INFO - loading the Trade tab model
2023-02-02 19:21:09,500 - Models - INFO - loading the Exchange tab model
2023-02-02 19:21:09,523 - Models - INFO - loading the Bot tab model
2023-02-02 19:21:09,523 - Models - INFO - loading the Chart tab model
2023-02-02 19:21:50,253 - Models - INFO - Finished loading the models
2023-02-02 19:23:02,256 - Models - INFO - Starting loading the models
2023-02-02 19:23:02,258 - Models - INFO - loading the Main view model
2023-02-02 19:23:02,258 - Models - INFO - loading the Trade tab model
2023-02-02 19:23:02,259 - Models - INFO - loading the Exchange tab model
2023-02-02 19:23:02,259 - Models - INFO - loading the Chart tab model
2023-02-02 19:23:42,991 - Models - INFO - loading the Bot tab model
2023-02-02 19:23:42,991 - Models - INFO - Finished loading the models
2023-02-02 19:41:27,115 - Models - INFO - Starting loading the models
2023-02-02 19:42:08,588 - Models - INFO - Starting loading the models
2023-02-02 19:42:08,589 - Models - INFO - loading the Main view model
2023-02-02 19:42:08,589 - Models - INFO - loading the Trade tab model
2023-02-02 19:42:48,919 - Models - INFO - loading the Exchange tab model
2023-02-02 19:42:48,919 - Models - INFO - loading the Bot tab model
2023-02-02 19:42:48,920 - Models - INFO - loading the Chart tab model
2023-02-02 19:42:48,921 - Models - INFO - Finished loading the models
2023-02-02 19:44:11,257 - Models - INFO - Creating a auto trading bot Autobot-Binance: BNB/BUSD-1m-DecisionTreeClassifier(max_depth=3, min_samples_leaf=4)- Trades: 0 -> 
2023-02-02 19:48:22,113 - Models - ERROR - there is no bot to stop! 
2023-02-02 19:48:23,886 - Models - ERROR - there is no bot to stop! 
2023-02-02 19:48:53,467 - Models - INFO - Starting loading the models
2023-02-02 19:48:53,467 - Models - INFO - loading the Main view model
2023-02-02 19:48:53,468 - Models - INFO - loading the Trade tab model
2023-02-02 19:49:34,224 - Models - INFO - loading the Exchange tab model
2023-02-02 19:49:34,225 - Models - INFO - loading the Bot tab model
2023-02-02 19:49:34,225 - Models - INFO - loading the Chart tab model
2023-02-02 19:49:34,226 - Models - INFO - Finished loading the models
2023-02-02 19:50:25,056 - Models - INFO - Creating a auto trading bot Autobot-Binance: BNB/BUSD-1m-DecisionTreeClassifier(max_depth=3, min_samples_leaf=4)- Trades: 0 -> 
2023-02-02 19:55:51,395 - Models - INFO - Starting loading the models
2023-02-02 19:55:51,396 - Models - INFO - loading the Main view model
2023-02-02 19:55:51,397 - Models - INFO - loading the Trade tab model
2023-02-02 19:56:32,148 - Models - INFO - loading the Exchange tab model
2023-02-02 19:56:32,148 - Models - INFO - loading the Bot tab model
2023-02-02 19:56:32,149 - Models - INFO - loading the Chart tab model
2023-02-02 19:56:32,149 - Models - INFO - Finished loading the models
2023-02-02 19:57:55,401 - Models - INFO - Creating a auto trading bot Autobot-Binance: BNB/BUSD-1m-DecisionTreeClassifier(max_depth=3, min_samples_leaf=4)- Trades: 0 -> 
2023-02-02 19:59:16,935 - Models - ERROR - there is no bot to stop! 
2023-02-02 19:59:17,708 - Models - ERROR - there is no bot to destroy! 
2023-02-02 20:02:36,760 - Models - INFO - Starting loading the models
2023-02-02 20:02:36,761 - Models - INFO - loading the Main view model
2023-02-02 20:02:36,761 - Models - INFO - loading the Trade tab model
2023-02-02 20:03:17,505 - Models - INFO - loading the Exchange tab model
2023-02-02 20:03:17,506 - Models - INFO - loading the Bot tab model
2023-02-02 20:03:17,506 - Models - INFO - loading the Chart tab model
2023-02-02 20:03:17,507 - Models - INFO - Finished loading the models
2023-02-02 20:04:49,222 - Models - INFO - Creating a auto trading bot Autobot-Binance: BNB/BUSD-1m-DecisionTreeClassifier(max_depth=10)- Trades: 0 -> 
2023-02-02 20:05:14,480 - Models - ERROR - there is no bot to stop! 
2023-02-02 20:05:19,397 - Models - ERROR - there is no bot to destroy! 
2023-02-02 20:21:02,640 - Models - INFO - Starting loading the models
2023-02-02 20:21:02,640 - Models - INFO - loading the Main view model
2023-02-02 20:21:02,641 - Models - INFO - loading the Trade tab model
2023-02-02 20:21:42,944 - Models - INFO - loading the Exchange tab model
2023-02-02 20:21:42,944 - Models - INFO - loading the Bot tab model
2023-02-02 20:21:42,945 - Models - INFO - loading the Chart tab model
2023-02-02 20:21:42,947 - Models - INFO - Finished loading the models
2023-02-02 20:30:23,634 - Models - INFO - Creating a auto trading bot Autobot-Binance: BNB/BUSD-1m-DecisionTreeClassifier(max_depth=10)- Trades: 0 -> 
2023-02-02 20:32:20,489 - Models - INFO - Creating a auto trading bot Autobot-Binance: BNB/BUSD-1m-LinearRegression(n_jobs=-1)- Trades: 0 -> 
2023-02-02 20:32:41,754 - Models - ERROR - Index 1 is out of bounds, the thread list only has 2 elements. creating a new thread
2023-02-02 20:32:41,755 - Models - INFO - Starting a auto trading bot Autobot-Binance: BNB/BUSD-1m-LinearRegression(n_jobs=-1)- Trades: 0 -> 
2023-02-02 20:37:07,766 - Models - INFO - Starting loading the models
2023-02-02 20:37:07,768 - Models - INFO - loading the Main view model
2023-02-02 20:37:07,768 - Models - INFO - loading the Trade tab model
2023-02-02 20:37:48,528 - Models - INFO - loading the Exchange tab model
2023-02-02 20:37:48,529 - Models - INFO - loading the Bot tab model
2023-02-02 20:37:48,530 - Models - INFO - loading the Chart tab model
2023-02-02 20:37:48,531 - Models - INFO - Finished loading the models
2023-02-02 20:41:11,418 - Models - INFO - Creating a auto trading bot Autobot-Binance: BNB/BUSD-1m-DecisionTreeClassifier(max_depth=3, min_samples_leaf=4)- Trades: 0 -> 
2023-02-02 20:44:41,587 - Models - ERROR - Index 0 is out of bounds, the thread list only has 1 elements. creating a new thread
2023-02-02 20:44:41,589 - Models - INFO - Starting a auto trading bot Autobot-Binance: BNB/BUSD-1m-DecisionTreeClassifier(max_depth=3, min_samples_leaf=4)- Trades: 0 -> 
2023-02-02 21:00:03,615 - Models - ERROR - Index 0 is out of bounds, the thread list only has 1 elements. creating a new thread
2023-02-02 21:00:03,617 - Models - INFO - Starting a auto trading bot Autobot-Binance: BNB/BUSD-1m-DecisionTreeClassifier(max_depth=3, min_samples_leaf=4)- Trades: 0 -> 
2023-02-02 21:00:03,721 - Models - ERROR - Index 0 is out of bounds, the thread list only has 1 elements. creating a new thread
2023-02-02 21:00:03,723 - Models - INFO - Starting a auto trading bot Autobot-Binance: BNB/BUSD-1m-DecisionTreeClassifier(max_depth=3, min_samples_leaf=4)- Trades: 0 -> 
2023-02-02 21:01:24,736 - Models - ERROR - there is no bot to stop! 
2023-02-02 21:01:28,191 - Models - ERROR - there is no bot to stop! 
2023-02-15 16:34:17,133 - Models - INFO - Starting loading the models
2023-02-15 16:34:17,153 - Models - INFO - loading the Main view model
2023-02-15 16:34:17,153 - Models - INFO - loading the Trade tab model
2023-02-15 16:34:57,489 - Models - INFO - loading the Exchange tab model
2023-02-15 16:34:57,489 - Models - INFO - loading the Bot tab model
2023-02-15 16:34:57,489 - Models - INFO - loading the Chart tab model
2023-02-15 16:34:57,512 - Models - INFO - Finished loading the models
