2023-11-14 13:59:42 - model - INFO - Starting loading the models
2023-11-14 13:59:42 - model - INFO - loading the Main view model
2023-11-14 13:59:42 - model - INFO - loading the Trade tab model
2023-11-14 13:59:42 - model - INFO - loading the Exchange tab model
2023-11-14 13:59:42 - model - INFO - loading the Bot tab model
2023-11-14 13:59:42 - model - INFO - loading the Chart tab model
2023-11-14 13:59:42 - model - INFO - loading the reinforcement tab model
2023-11-14 13:59:42 - model - INFO - Finished loading the models
2023-11-14 14:00:11 - model - INFO - Starting loading the models
2023-11-14 14:00:11 - model - INFO - loading the Main view model
2023-11-14 14:00:11 - model - INFO - loading the Trade tab model
2023-11-14 14:00:11 - model - INFO - loading the Exchange tab model
2023-11-14 14:00:11 - model - INFO - loading the Bot tab model
2023-11-14 14:00:11 - model - INFO - loading the Chart tab model
2023-11-14 14:00:11 - model - INFO - loading the reinforcement tab model
2023-11-14 14:00:11 - model - INFO - Finished loading the models
2023-11-14 14:00:22 - model - INFO - Performance with data                               close         d         r    b_wave    l_wave     rsi14     rsi40   ema_200  s_dots      dots  action
date                                                                                                                               
2020-01-05 03:30:00+00:00 -0.422075  1.469201  0.207329  1.778622  1.754706  1.919509  1.538762 -0.622860     0.0 -2.581819       0
2020-01-05 04:00:00+00:00 -0.436386  1.469201 -0.028617  1.769457  1.723899  1.349698  1.276837 -0.621193     0.0  0.000000       0
2020-01-05 04:30:00+00:00 -0.435221 -0.680508  0.016162  1.740998  1.652445  1.371649  1.290355 -0.619531     0.0  0.000000       0
2020-01-05 05:00:00+00:00 -0.437158  1.469201 -0.033498  1.695795  1.567195  1.292084  1.254517 -0.617905     0.0  0.000000       0
2020-01-05 05:30:00+00:00 -0.434477 -0.680508  0.103626  1.632548  1.505026  1.349822  1.287017 -0.616268     0.0  0.000000       0
...                             ...       ...       ...       ...       ...       ...       ...       ...     ...       ...     ...
2020-04-19 14:30:00+00:00 -0.682156  1.469201 -0.160600 -1.341254 -1.568083 -1.049304 -0.449926 -0.743210     0.0  0.000000       0
2020-04-19 15:00:00+00:00 -0.686718  1.469201 -0.194582 -1.496187 -1.560501 -1.147864 -0.511668 -0.742932     0.0  0.000000       0
2020-04-19 15:30:00+00:00 -0.690101  1.469201       NaN -1.572795 -1.564483 -1.222196 -0.557756 -0.742691     0.0  0.000000       0
2020-04-19 16:00:00+00:00 -0.671277  1.469201       NaN -1.563677 -1.476120 -0.543808 -0.266294 -0.742259     0.0  2.581819       0
2020-04-19 16:30:00+00:00 -0.673516  1.469201       NaN -1.499404 -1.314355 -0.602512 -0.298118 -0.741853     0.0  0.000000       0

[5067 rows x 11 columns]
2023-11-14 14:00:22 - model - INFO - observation space: (11,)
2023-11-14 14:00:22 - model - INFO - look back: 11
2023-11-14 14:00:22 - model - INFO - {'modelname': 'Standard_Model', 'gamma': 0.95, 'hidden_units': 24, 'learning_rate': 0.01, 'batch_size': 16, 'epsilon_min': 0.01, 'epsilon_decay': 0.995, 'dropout': 0.25, 'act': 'softmax', 'm_activation': 'linear', 'loss': 'mse'}
2023-11-14 14:16:44 - model - INFO - Starting loading the models
2023-11-14 14:16:44 - model - INFO - loading the Main view model
2023-11-14 14:16:44 - model - INFO - loading the Trade tab model
2023-11-14 14:16:44 - model - INFO - loading the Exchange tab model
2023-11-14 14:16:44 - model - INFO - loading the Bot tab model
2023-11-14 14:16:44 - model - INFO - loading the Chart tab model
2023-11-14 14:16:44 - model - INFO - loading the reinforcement tab model
2023-11-14 14:16:44 - model - INFO - Finished loading the models
2023-11-14 14:16:57 - model - INFO - Performance with data                               close         d         r    b_wave    l_wave     rsi14     rsi40   ema_200  s_dots      dots  action
date                                                                                                                               
2020-01-05 03:30:00+00:00 -0.422075  1.469201  0.207329  1.778622  1.754706  1.919509  1.538762 -0.622860     0.0 -2.581819       0
2020-01-05 04:00:00+00:00 -0.436386  1.469201 -0.028617  1.769457  1.723899  1.349698  1.276837 -0.621193     0.0  0.000000       0
2020-01-05 04:30:00+00:00 -0.435221 -0.680508  0.016162  1.740998  1.652445  1.371649  1.290355 -0.619531     0.0  0.000000       0
2020-01-05 05:00:00+00:00 -0.437158  1.469201 -0.033498  1.695795  1.567195  1.292084  1.254517 -0.617905     0.0  0.000000       0
2020-01-05 05:30:00+00:00 -0.434477 -0.680508  0.103626  1.632548  1.505026  1.349822  1.287017 -0.616268     0.0  0.000000       0
...                             ...       ...       ...       ...       ...       ...       ...       ...     ...       ...     ...
2020-04-19 14:30:00+00:00 -0.682156  1.469201 -0.160600 -1.341254 -1.568083 -1.049304 -0.449926 -0.743210     0.0  0.000000       0
2020-04-19 15:00:00+00:00 -0.686718  1.469201 -0.194582 -1.496187 -1.560501 -1.147864 -0.511668 -0.742932     0.0  0.000000       0
2020-04-19 15:30:00+00:00 -0.690101  1.469201       NaN -1.572795 -1.564483 -1.222196 -0.557756 -0.742691     0.0  0.000000       0
2020-04-19 16:00:00+00:00 -0.671277  1.469201       NaN -1.563677 -1.476120 -0.543808 -0.266294 -0.742259     0.0  2.581819       0
2020-04-19 16:30:00+00:00 -0.673516  1.469201       NaN -1.499404 -1.314355 -0.602512 -0.298118 -0.741853     0.0  0.000000       0

[5067 rows x 11 columns]
2023-11-14 14:16:57 - model - INFO - observation space: (11,)
2023-11-14 14:16:57 - model - INFO - look back: 11
2023-11-14 14:16:57 - model - INFO - {'modelname': 'Standard_Model', 'gamma': 0.95, 'hidden_units': 24, 'learning_rate': 0.01, 'batch_size': 16, 'epsilon_min': 0.01, 'epsilon_decay': 0.995, 'dropout': 0.25, 'act': 'softmax', 'm_activation': 'linear', 'loss': 'mse'}
2023-11-14 14:18:52 - model - INFO - Starting loading the models
2023-11-14 14:18:52 - model - INFO - loading the Main view model
2023-11-14 14:18:52 - model - INFO - loading the Trade tab model
2023-11-14 14:18:52 - model - INFO - loading the Exchange tab model
2023-11-14 14:18:52 - model - INFO - loading the Bot tab model
2023-11-14 14:18:52 - model - INFO - loading the Chart tab model
2023-11-14 14:18:52 - model - INFO - loading the reinforcement tab model
2023-11-14 14:18:52 - model - INFO - Finished loading the models
2023-11-14 14:19:01 - model - INFO - Performance with data                               close         d         r    b_wave    l_wave     rsi14     rsi40   ema_200  s_dots      dots  action
date                                                                                                                               
2020-01-05 03:30:00+00:00 -0.422075  1.469201  0.207329  1.778622  1.754706  1.919509  1.538762 -0.622860     0.0 -2.581819       0
2020-01-05 04:00:00+00:00 -0.436386  1.469201 -0.028617  1.769457  1.723899  1.349698  1.276837 -0.621193     0.0  0.000000       0
2020-01-05 04:30:00+00:00 -0.435221 -0.680508  0.016162  1.740998  1.652445  1.371649  1.290355 -0.619531     0.0  0.000000       0
2020-01-05 05:00:00+00:00 -0.437158  1.469201 -0.033498  1.695795  1.567195  1.292084  1.254517 -0.617905     0.0  0.000000       0
2020-01-05 05:30:00+00:00 -0.434477 -0.680508  0.103626  1.632548  1.505026  1.349822  1.287017 -0.616268     0.0  0.000000       0
...                             ...       ...       ...       ...       ...       ...       ...       ...     ...       ...     ...
2020-04-19 14:30:00+00:00 -0.682156  1.469201 -0.160600 -1.341254 -1.568083 -1.049304 -0.449926 -0.743210     0.0  0.000000       0
2020-04-19 15:00:00+00:00 -0.686718  1.469201 -0.194582 -1.496187 -1.560501 -1.147864 -0.511668 -0.742932     0.0  0.000000       0
2020-04-19 15:30:00+00:00 -0.690101  1.469201       NaN -1.572795 -1.564483 -1.222196 -0.557756 -0.742691     0.0  0.000000       0
2020-04-19 16:00:00+00:00 -0.671277  1.469201       NaN -1.563677 -1.476120 -0.543808 -0.266294 -0.742259     0.0  2.581819       0
2020-04-19 16:30:00+00:00 -0.673516  1.469201       NaN -1.499404 -1.314355 -0.602512 -0.298118 -0.741853     0.0  0.000000       0

[5067 rows x 11 columns]
2023-11-14 14:19:01 - model - INFO - observation space: (11,)
2023-11-14 14:19:01 - model - INFO - look back: 11
2023-11-14 14:19:01 - model - INFO - {'modelname': 'Standard_Model', 'gamma': 0.95, 'hidden_units': 24, 'learning_rate': 0.01, 'batch_size': 16, 'epsilon_min': 0.01, 'epsilon_decay': 0.995, 'dropout': 0.25, 'act': 'softmax', 'm_activation': 'linear', 'loss': 'mse'}
2023-11-14 14:20:58 - model - INFO - Starting loading the models
2023-11-14 14:20:58 - model - INFO - loading the Main view model
2023-11-14 14:20:58 - model - INFO - loading the Trade tab model
2023-11-14 14:20:58 - model - INFO - loading the Exchange tab model
2023-11-14 14:20:58 - model - INFO - loading the Bot tab model
2023-11-14 14:20:58 - model - INFO - loading the Chart tab model
2023-11-14 14:20:58 - model - INFO - loading the reinforcement tab model
2023-11-14 14:20:58 - model - INFO - Finished loading the models
2023-11-14 14:21:16 - model - INFO - Performance with data                               close         d         r    b_wave    l_wave     rsi14     rsi40   ema_200  s_dots      dots  action
date                                                                                                                               
2020-01-05 03:30:00+00:00 -0.422075  1.469201  0.207329  1.778622  1.754706  1.919509  1.538762 -0.622860     0.0 -2.581819       0
2020-01-05 04:00:00+00:00 -0.436386  1.469201 -0.028617  1.769457  1.723899  1.349698  1.276837 -0.621193     0.0  0.000000       0
2020-01-05 04:30:00+00:00 -0.435221 -0.680508  0.016162  1.740998  1.652445  1.371649  1.290355 -0.619531     0.0  0.000000       0
2020-01-05 05:00:00+00:00 -0.437158  1.469201 -0.033498  1.695795  1.567195  1.292084  1.254517 -0.617905     0.0  0.000000       0
2020-01-05 05:30:00+00:00 -0.434477 -0.680508  0.103626  1.632548  1.505026  1.349822  1.287017 -0.616268     0.0  0.000000       0
...                             ...       ...       ...       ...       ...       ...       ...       ...     ...       ...     ...
2020-04-19 14:30:00+00:00 -0.682156  1.469201 -0.160600 -1.341254 -1.568083 -1.049304 -0.449926 -0.743210     0.0  0.000000       0
2020-04-19 15:00:00+00:00 -0.686718  1.469201 -0.194582 -1.496187 -1.560501 -1.147864 -0.511668 -0.742932     0.0  0.000000       0
2020-04-19 15:30:00+00:00 -0.690101  1.469201       NaN -1.572795 -1.564483 -1.222196 -0.557756 -0.742691     0.0  0.000000       0
2020-04-19 16:00:00+00:00 -0.671277  1.469201       NaN -1.563677 -1.476120 -0.543808 -0.266294 -0.742259     0.0  2.581819       0
2020-04-19 16:30:00+00:00 -0.673516  1.469201       NaN -1.499404 -1.314355 -0.602512 -0.298118 -0.741853     0.0  0.000000       0

[5067 rows x 11 columns]
2023-11-14 14:21:16 - model - INFO - observation space: (11,)
2023-11-14 14:21:16 - model - INFO - look back: 11
2023-11-14 14:21:16 - model - INFO - {'modelname': 'Standard_Model', 'gamma': 0.95, 'hidden_units': 24, 'learning_rate': 0.01, 'batch_size': 16, 'epsilon_min': 0.01, 'epsilon_decay': 0.995, 'dropout': 0.25, 'act': 'softmax', 'm_activation': 'linear', 'loss': 'mse'}
