2023-09-24 11:43:27 - tradex - INFO - Getting the data
2023-09-24 11:44:56 - tradex - INFO - Getting the data
2023-09-24 11:49:53 - tradex - INFO - Getting the data
2023-09-24 11:50:19 - tradex - INFO - init trade-x trend
2023-09-24 11:50:19 - tradex - INFO - - setting up High|Low channel
2023-09-24 11:50:19 - tradex - INFO - init trade-x screener
2023-09-24 11:50:19 - tradex - INFO - - setting up EMA
2023-09-24 11:50:19 - tradex - INFO - init trade-x Real time
2023-09-24 11:50:19 - tradex - INFO - - make the waves
2023-09-24 11:50:19 - tradex - INFO - - setting up LSMA
2023-09-24 11:50:19 - tradex - INFO - init trade-x scanner
2023-09-24 11:50:19 - tradex - INFO - - setting up the waves
2023-09-24 11:50:19 - tradex - INFO - - setting up VWAP
2023-09-24 11:50:19 - tradex - INFO - - getting the moneyflow
2023-09-24 11:50:19 - tradex - INFO - - setting up the rsi's
2023-09-24 11:50:19 - tradex - INFO - - setting up wave spaces
2023-09-24 11:50:19 - tradex - INFO - - setting up the waves
2023-09-24 11:50:19 - tradex - INFO - - getting the dots
2023-09-24 11:50:19 - tradex - INFO - - setting up the waves
2023-09-24 11:50:19 - tradex - INFO - - getting the dots
2023-09-24 11:50:19 - tradex - INFO - - make the waves
2023-09-24 11:50:19 - tradex - INFO - Elapsed time: 0.22 seconds
2023-09-24 11:50:19 - tradex - INFO - ____________________
2023-09-24 11:51:33 - tradex - INFO - init trade-x trend
2023-09-24 11:51:33 - tradex - INFO - - setting up High|Low channel
2023-09-24 11:51:33 - tradex - INFO - - setting up EMA
2023-09-24 11:51:33 - tradex - INFO - init trade-x screener
2023-09-24 11:51:33 - tradex - INFO - - setting up LSMA
2023-09-24 11:51:33 - tradex - INFO - init trade-x Real time
2023-09-24 11:51:33 - tradex - INFO - - make the waves
2023-09-24 11:51:33 - tradex - INFO - init trade-x scanner
2023-09-24 11:51:33 - tradex - INFO - - setting up VWAP
2023-09-24 11:51:33 - tradex - INFO - - setting up the waves
2023-09-24 11:51:33 - tradex - INFO - - setting up the rsi's
2023-09-24 11:51:33 - tradex - INFO - - setting up wave spaces
2023-09-24 11:51:33 - tradex - INFO - - setting up the waves
2023-09-24 11:51:33 - tradex - INFO - - getting the dots
2023-09-24 11:51:33 - tradex - INFO - - setting up the waves
2023-09-24 11:51:33 - tradex - INFO - - getting the moneyflow
2023-09-24 11:51:33 - tradex - INFO - - getting the dots
2023-09-24 11:51:33 - tradex - INFO - - make the waves
2023-09-24 11:51:33 - tradex - INFO - Elapsed time: 0.18 seconds
2023-09-24 11:51:33 - tradex - INFO - ____________________
2023-09-24 16:05:02 - tradex - INFO - Getting the data
2023-09-24 16:05:23 - tradex - INFO - init trade-x trend
2023-09-24 16:05:23 - tradex - INFO - - setting up High|Low channel
2023-09-24 16:05:23 - tradex - INFO - init trade-x screener
2023-09-24 16:05:23 - tradex - INFO - - setting up EMA
2023-09-24 16:05:23 - tradex - INFO - init trade-x Real time
2023-09-24 16:05:23 - tradex - INFO - - make the waves
2023-09-24 16:05:23 - tradex - INFO - - setting up LSMA
2023-09-24 16:05:23 - tradex - INFO - init trade-x scanner
2023-09-24 16:05:23 - tradex - INFO - - setting up the waves
2023-09-24 16:05:23 - tradex - INFO - - setting up VWAP
2023-09-24 16:05:23 - tradex - INFO - - getting the moneyflow
2023-09-24 16:05:23 - tradex - INFO - - setting up the rsi's
2023-09-24 16:05:23 - tradex - INFO - - setting up wave spaces
2023-09-24 16:05:23 - tradex - INFO - - setting up the waves
2023-09-24 16:05:23 - tradex - INFO - - getting the dots
2023-09-24 16:05:23 - tradex - INFO - - setting up the waves
2023-09-24 16:05:23 - tradex - INFO - - getting the dots
2023-09-24 16:05:23 - tradex - INFO - - make the waves
2023-09-24 16:05:23 - tradex - INFO - Elapsed time: 0.19 seconds
2023-09-24 16:05:23 - tradex - INFO - ____________________
2023-09-24 16:06:30 - tradex - INFO - init trade-x trend
2023-09-24 16:06:30 - tradex - INFO - - setting up High|Low channel
2023-09-24 16:06:30 - tradex - INFO - init trade-x screener
2023-09-24 16:06:30 - tradex - INFO - - setting up EMA
2023-09-24 16:06:30 - tradex - INFO - - make the waves
2023-09-24 16:06:30 - tradex - INFO - init trade-x Real time
2023-09-24 16:06:30 - tradex - INFO - init trade-x scanner
2023-09-24 16:06:30 - tradex - INFO - - setting up LSMA
2023-09-24 16:06:30 - tradex - INFO - - setting up the waves
2023-09-24 16:06:30 - tradex - INFO - - getting the moneyflow
2023-09-24 16:06:30 - tradex - INFO - - setting up the rsi's
2023-09-24 16:06:30 - tradex - INFO - - setting up VWAP
2023-09-24 16:06:30 - tradex - INFO - - setting up wave spaces
2023-09-24 16:06:30 - tradex - INFO - - setting up the waves
2023-09-24 16:06:30 - tradex - INFO - - getting the dots
2023-09-24 16:06:30 - tradex - INFO - - setting up the waves
2023-09-24 16:06:30 - tradex - INFO - - getting the dots
2023-09-24 16:06:30 - tradex - INFO - - make the waves
2023-09-24 16:06:30 - tradex - INFO - Elapsed time: 0.19 seconds
2023-09-24 16:06:30 - tradex - INFO - ____________________
2023-09-24 16:07:36 - tradex - INFO - init trade-x trend
2023-09-24 16:07:36 - tradex - INFO - - setting up High|Low channel
2023-09-24 16:07:36 - tradex - INFO - init trade-x screener
2023-09-24 16:07:36 - tradex - INFO - - setting up EMA
2023-09-24 16:07:36 - tradex - INFO - init trade-x Real time
2023-09-24 16:07:36 - tradex - INFO - - make the waves
2023-09-24 16:07:36 - tradex - INFO - init trade-x scanner
2023-09-24 16:07:36 - tradex - INFO - - setting up LSMA
2023-09-24 16:07:36 - tradex - INFO - - setting up the waves
2023-09-24 16:07:36 - tradex - INFO - - setting up the rsi's
2023-09-24 16:07:36 - tradex - INFO - - setting up VWAP
2023-09-24 16:07:36 - tradex - INFO - - getting the moneyflow
2023-09-24 16:07:36 - tradex - INFO - - setting up wave spaces
2023-09-24 16:07:36 - tradex - INFO - - setting up the waves
2023-09-24 16:07:36 - tradex - INFO - - getting the dots
2023-09-24 16:07:36 - tradex - INFO - - setting up the waves
2023-09-24 16:07:36 - tradex - INFO - - getting the dots
2023-09-24 16:07:36 - tradex - INFO - - make the waves
2023-09-24 16:07:36 - tradex - INFO - Elapsed time: 0.19 seconds
2023-09-24 16:07:36 - tradex - INFO - ____________________
2023-09-24 16:15:56 - tradex - INFO - Getting the data
2023-09-24 16:16:30 - tradex - INFO - Getting the data
2023-09-24 16:17:46 - tradex - INFO - init trade-x trend
2023-09-24 16:17:46 - tradex - INFO - - setting up High|Low channel
2023-09-24 16:17:46 - tradex - INFO - init trade-x screener
2023-09-24 16:17:46 - tradex - INFO - - setting up EMA
2023-09-24 16:17:46 - tradex - INFO - - make the waves
2023-09-24 16:17:46 - tradex - INFO - - setting up LSMA
2023-09-24 16:17:46 - tradex - INFO - init trade-x Real time
2023-09-24 16:17:46 - tradex - INFO - init trade-x scanner
2023-09-24 16:17:46 - tradex - INFO - - setting up VWAP
2023-09-24 16:17:46 - tradex - INFO - - setting up the waves
2023-09-24 16:17:46 - tradex - INFO - - setting up the rsi's
2023-09-24 16:17:46 - tradex - INFO - - getting the moneyflow
2023-09-24 16:17:46 - tradex - INFO - - setting up wave spaces
2023-09-24 16:17:46 - tradex - INFO - - setting up the waves
2023-09-24 16:17:46 - tradex - INFO - - getting the dots
2023-09-24 16:17:46 - tradex - INFO - - setting up the waves
2023-09-24 16:17:46 - tradex - INFO - - getting the dots
2023-09-24 16:17:46 - tradex - INFO - - make the waves
2023-09-24 16:17:46 - tradex - INFO - Elapsed time: 0.19 seconds
2023-09-24 16:17:46 - tradex - INFO - ____________________
2023-09-24 16:19:42 - tradex - INFO - Getting the data
2023-09-24 16:20:09 - tradex - INFO - init trade-x trend
2023-09-24 16:20:09 - tradex - INFO - - setting up High|Low channel
2023-09-24 16:20:09 - tradex - INFO - init trade-x screener
2023-09-24 16:20:09 - tradex - INFO - init trade-x Real time
2023-09-24 16:20:09 - tradex - INFO - - setting up EMA
2023-09-24 16:20:09 - tradex - INFO - init trade-x scanner
2023-09-24 16:20:09 - tradex - INFO - - make the waves
2023-09-24 16:20:09 - tradex - INFO - - setting up the waves
2023-09-24 16:20:09 - tradex - INFO - - setting up LSMA
2023-09-24 16:20:09 - tradex - INFO - - setting up the rsi's
2023-09-24 16:20:09 - tradex - INFO - - setting up wave spaces
2023-09-24 16:20:09 - tradex - INFO - - setting up VWAP
2023-09-24 16:20:09 - tradex - INFO - - getting the moneyflow
2023-09-24 16:20:09 - tradex - INFO - - setting up the waves
2023-09-24 16:20:09 - tradex - INFO - - getting the dots
2023-09-24 16:20:09 - tradex - INFO - - setting up the waves
2023-09-24 16:20:09 - tradex - INFO - - getting the dots
2023-09-24 16:20:09 - tradex - INFO - - make the waves
2023-09-24 16:20:09 - tradex - INFO - Elapsed time: 0.19 seconds
2023-09-24 16:20:09 - tradex - INFO - ____________________
